<?xml version="1.0" encoding="UTF-8"?>
<testng-results skipped="0" failed="0" total="1" passed="1">
  <reporter-output>
  </reporter-output>
  <suite name="Command line suite" duration-ms="11" started-at="2018-09-25T07:26:13Z" finished-at="2018-09-25T07:26:13Z">
    <groups>
    </groups>
    <test name="Command line test" duration-ms="11" started-at="2018-09-25T07:26:13Z" finished-at="2018-09-25T07:26:13Z">
      <class name="com.qainfotech.com.MobileTesting.AppTest">
        <test-method status="PASS" signature="testApp()[pri:0, instance:testApp(com.qainfotech.com.MobileTesting.AppTest)]" name="testApp" duration-ms="2" started-at="2018-09-25T12:56:13Z" finished-at="2018-09-25T12:56:13Z">
          <reporter-output>
          </reporter-output>
        </test-method> <!-- testApp -->
      </class> <!-- com.qainfotech.com.MobileTesting.AppTest -->
    </test> <!-- Command line test -->
  </suite> <!-- Command line suite -->
</testng-results>
