<?xml version="1.0" encoding="UTF-8"?>
<testng-results skipped="0" failed="1" total="1" passed="0">
  <reporter-output>
  </reporter-output>
  <suite name="Command line suite" duration-ms="9957" started-at="2018-09-25T07:26:03Z" finished-at="2018-09-25T07:26:13Z">
    <groups>
    </groups>
    <test name="Command line test" duration-ms="9957" started-at="2018-09-25T07:26:03Z" finished-at="2018-09-25T07:26:13Z">
      <class name="com.qainfotech.com.MobileTesting.FirstAppiumAndroidTest">
        <test-method status="PASS" signature="setUp()[pri:0, instance:com.qainfotech.com.MobileTesting.FirstAppiumAndroidTest@6df97b55]" name="setUp" is-config="true" duration-ms="3776" started-at="2018-09-25T12:56:03Z" finished-at="2018-09-25T12:56:06Z">
          <reporter-output>
          </reporter-output>
        </test-method> <!-- setUp -->
        <test-method status="FAIL" signature="testCal()[pri:0, instance:com.qainfotech.com.MobileTesting.FirstAppiumAndroidTest@6df97b55]" name="testCal" duration-ms="5261" started-at="2018-09-25T12:56:06Z" finished-at="2018-09-25T12:56:12Z">
          <exception class="org.openqa.selenium.NoSuchElementException">
            <message>
              <![CDATA[An element could not be located on the page using the given search parameters. (WARNING: The server did not provide any stacktrace information)
Command duration or timeout: 81 milliseconds
For documentation on this error, please visit: http://seleniumhq.org/exceptions/no_such_element.html
Build info: version: '2.44.0', revision: '76d78cf323ce037c5f92db6c1bba601c2ac43ad8', time: '2014-10-23 13:11:40'
System info: host: 'ASDP1534PO01976', ip: '127.0.1.1', os.name: 'Linux', os.arch: 'amd64', os.version: '4.4.0-135-generic', java.version: '1.8.0_181'
Driver info: org.openqa.selenium.remote.RemoteWebDriver
Capabilities [{appPackage=com.android2.calculator3, deviceScreenSize=null, networkConnectionEnabled=true, BROWSEFirstAppiumAndroidTestR_NAME=Android, warnings={}, databaseEnabled=false, deviceName=emulator-5554, platform=LINUX, deviceUDID=emulator-5554, appActivity=com.xlythe.calculator.material.Calculator, desired={appPackage=com.android2.calculator3, appActivity=com.xlythe.calculator.material.Calculator, BROWSEFirstAppiumAndroidTestR_NAME=Android, VERSION=4.4.2, platformName=Android, deviceName=AVD for Nexus 4 by Google}, platformVersion=4.1.2, webStorageEnabled=false, locationContextEnabled=false, VERSION=4.4.2, takesScreenshot=true, javascriptEnabled=true, deviceModel=Android SDK built for x86, platformName=Android, deviceManufacturer=unknown}]
Session ID: 1243dba9-3e27-4a62-950c-73aa50f12dc6]]>
            </message>
            <full-stacktrace>
              <![CDATA[org.openqa.selenium.NoSuchElementException: An element could not be located on the page using the given search parameters. (WARNING: The server did not provide any stacktrace information)
Command duration or timeout: 81 milliseconds
For documentation on this error, please visit: http://seleniumhq.org/exceptions/no_such_element.html
Build info: version: '2.44.0', revision: '76d78cf323ce037c5f92db6c1bba601c2ac43ad8', time: '2014-10-23 13:11:40'
System info: host: 'ASDP1534PO01976', ip: '127.0.1.1', os.name: 'Linux', os.arch: 'amd64', os.version: '4.4.0-135-generic', java.version: '1.8.0_181'
Driver info: org.openqa.selenium.remote.RemoteWebDriver
Capabilities [{appPackage=com.android2.calculator3, deviceScreenSize=null, networkConnectionEnabled=true, BROWSEFirstAppiumAndroidTestR_NAME=Android, warnings={}, databaseEnabled=false, deviceName=emulator-5554, platform=LINUX, deviceUDID=emulator-5554, appActivity=com.xlythe.calculator.material.Calculator, desired={appPackage=com.android2.calculator3, appActivity=com.xlythe.calculator.material.Calculator, BROWSEFirstAppiumAndroidTestR_NAME=Android, VERSION=4.4.2, platformName=Android, deviceName=AVD for Nexus 4 by Google}, platformVersion=4.1.2, webStorageEnabled=false, locationContextEnabled=false, VERSION=4.4.2, takesScreenshot=true, javascriptEnabled=true, deviceModel=Android SDK built for x86, platformName=Android, deviceManufacturer=unknown}]
Session ID: 1243dba9-3e27-4a62-950c-73aa50f12dc6
	at sun.reflect.NativeConstructorAccessorImpl.newInstance0(Native Method)
	at sun.reflect.NativeConstructorAccessorImpl.newInstance(NativeConstructorAccessorImpl.java:62)
	at sun.reflect.DelegatingConstructorAccessorImpl.newInstance(DelegatingConstructorAccessorImpl.java:45)
	at java.lang.reflect.Constructor.newInstance(Constructor.java:423)
	at org.openqa.selenium.remote.ErrorHandler.createThrowable(ErrorHandler.java:204)
	at org.openqa.selenium.remote.ErrorHandler.throwIfResponseFailed(ErrorHandler.java:156)
	at org.openqa.selenium.remote.RemoteWebDriver.execute(RemoteWebDriver.java:599)
	at org.openqa.selenium.remote.RemoteWebDriver.findElement(RemoteWebDriver.java:352)
	at org.openqa.selenium.remote.RemoteWebDriver.findElementByXPath(RemoteWebDriver.java:449)
	at org.openqa.selenium.By$ByXPath.findElement(By.java:357)
	at org.openqa.selenium.remote.RemoteWebDriver.findElement(RemoteWebDriver.java:344)
	at com.qainfotech.com.MobileTesting.FirstAppiumAndroidTest.testCal(FirstAppiumAndroidTest.java:59)
	at sun.reflect.NativeMethodAccessorImpl.invoke0(Native Method)
	at sun.reflect.NativeMethodAccessorImpl.invoke(NativeMethodAccessorImpl.java:62)
	at sun.reflect.DelegatingMethodAccessorImpl.invoke(DelegatingMethodAccessorImpl.java:43)
	at java.lang.reflect.Method.invoke(Method.java:498)
	at org.testng.internal.MethodInvocationHelper.invokeMethod(MethodInvocationHelper.java:80)
	at org.testng.internal.Invoker.invokeMethod(Invoker.java:714)
	at org.testng.internal.Invoker.invokeTestMethod(Invoker.java:901)
	at org.testng.internal.Invoker.invokeTestMethods(Invoker.java:1231)
	at org.testng.internal.TestMethodWorker.invokeTestMethods(TestMethodWorker.java:127)
	at org.testng.internal.TestMethodWorker.run(TestMethodWorker.java:111)
	at org.testng.TestRunner.privateRun(TestRunner.java:767)
	at org.testng.TestRunner.run(TestRunner.java:617)
	at org.testng.SuiteRunner.runTest(SuiteRunner.java:334)
	at org.testng.SuiteRunner.runSequentially(SuiteRunner.java:329)
	at org.testng.SuiteRunner.privateRun(SuiteRunner.java:291)
	at org.testng.SuiteRunner.run(SuiteRunner.java:240)
	at org.testng.SuiteRunnerWorker.runSuite(SuiteRunnerWorker.java:52)
	at org.testng.SuiteRunnerWorker.run(SuiteRunnerWorker.java:86)
	at org.testng.TestNG.runSuitesSequentially(TestNG.java:1198)
	at org.testng.TestNG.runSuitesLocally(TestNG.java:1123)
	at org.testng.TestNG.run(TestNG.java:1031)
	at org.apache.maven.surefire.testng.TestNGExecutor.run(TestNGExecutor.java:77)
	at org.apache.maven.surefire.testng.TestNGDirectoryTestSuite.executeMulti(TestNGDirectoryTestSuite.java:159)
	at org.apache.maven.surefire.testng.TestNGDirectoryTestSuite.execute(TestNGDirectoryTestSuite.java:99)
	at org.apache.maven.surefire.testng.TestNGProvider.invoke(TestNGProvider.java:106)
	at sun.reflect.NativeMethodAccessorImpl.invoke0(Native Method)
	at sun.reflect.NativeMethodAccessorImpl.invoke(NativeMethodAccessorImpl.java:62)
	at sun.reflect.DelegatingMethodAccessorImpl.invoke(DelegatingMethodAccessorImpl.java:43)
	at java.lang.reflect.Method.invoke(Method.java:498)
	at org.apache.maven.surefire.util.ReflectionUtils.invokeMethodWithArray(ReflectionUtils.java:189)
	at org.apache.maven.surefire.booter.ProviderFactory$ProviderProxy.invoke(ProviderFactory.java:165)
	at org.apache.maven.surefire.booter.ProviderFactory.invokeProvider(ProviderFactory.java:85)
	at org.apache.maven.surefire.booter.ForkedBooter.runSuitesInProcess(ForkedBooter.java:115)
	at org.apache.maven.surefire.booter.ForkedBooter.main(ForkedBooter.java:75)
]]>
            </full-stacktrace>
          </exception> <!-- org.openqa.selenium.NoSuchElementException -->
          <reporter-output>
          </reporter-output>
        </test-method> <!-- testCal -->
        <test-method status="PASS" signature="teardown()[pri:0, instance:com.qainfotech.com.MobileTesting.FirstAppiumAndroidTest@6df97b55]" name="teardown" is-config="true" duration-ms="908" started-at="2018-09-25T12:56:12Z" finished-at="2018-09-25T12:56:13Z">
          <reporter-output>
          </reporter-output>
        </test-method> <!-- teardown -->
      </class> <!-- com.qainfotech.com.MobileTesting.FirstAppiumAndroidTest -->
    </test> <!-- Command line test -->
  </suite> <!-- Command line suite -->
</testng-results>
