<?xml version="1.0" encoding="UTF-8" ?>
<testsuite tests="2" failures="1" name="TestSuite" time="11.548" errors="0" skipped="0">
  <properties>
[...]
</properties>
  <testcase classname="com.qainfotech.com.MobileTesting.FirstAppiumAndroidTest" name="testCal" time="5.27">
    <failure message="An element could not be located on the page using the given search parameters. (WARNING: The server did not provide any stacktrace information)
Command duration or timeout: 81 milliseconds
For documentation on this error, please visit: http://seleniumhq.org/exceptions/no_such_element.html
Build info: version: &apos;2.44.0&apos;, revision: &apos;76d78cf323ce037c5f92db6c1bba601c2ac43ad8&apos;, time: &apos;2014-10-23 13:11:40&apos;
System info: host: &apos;ASDP1534PO01976&apos;, ip: &apos;127.0.1.1&apos;, os.name: &apos;Linux&apos;, os.arch: &apos;amd64&apos;, os.version: &apos;4.4.0-135-generic&apos;, java.version: &apos;1.8.0_181&apos;
Driver info: org.openqa.selenium.remote.RemoteWebDriver
Capabilities [{appPackage=com.android2.calculator3, deviceScreenSize=null, networkConnectionEnabled=true, BROWSEFirstAppiumAndroidTestR_NAME=Android, warnings={}, databaseEnabled=false, deviceName=emulator-5554, platform=LINUX, deviceUDID=emulator-5554, appActivity=com.xlythe.calculator.material.Calculator, desired={appPackage=com.android2.calculator3, appActivity=com.xlythe.calculator.material.Calculator, BROWSEFirstAppiumAndroidTestR_NAME=Android, VERSION=4.4.2, platformName=Android, deviceName=AVD for Nexus 4 by Google}, platformVersion=4.1.2, webStorageEnabled=false, locationContextEnabled=false, VERSION=4.4.2, takesScreenshot=true, javascriptEnabled=true, deviceModel=Android SDK built for x86, platformName=Android, deviceManufacturer=unknown}]
Session ID: 1243dba9-3e27-4a62-950c-73aa50f12dc6" type="org.openqa.selenium.NoSuchElementException">org.openqa.selenium.NoSuchElementException: An element could not be located on the page using the given search parameters. (WARNING: The server did not provide any stacktrace information)
Command duration or timeout: 81 milliseconds
For documentation on this error, please visit: http://seleniumhq.org/exceptions/no_such_element.html
Build info: version: &apos;2.44.0&apos;, revision: &apos;76d78cf323ce037c5f92db6c1bba601c2ac43ad8&apos;, time: &apos;2014-10-23 13:11:40&apos;
System info: host: &apos;ASDP1534PO01976&apos;, ip: &apos;127.0.1.1&apos;, os.name: &apos;Linux&apos;, os.arch: &apos;amd64&apos;, os.version: &apos;4.4.0-135-generic&apos;, java.version: &apos;1.8.0_181&apos;
Driver info: org.openqa.selenium.remote.RemoteWebDriver
Capabilities [{appPackage=com.android2.calculator3, deviceScreenSize=null, networkConnectionEnabled=true, BROWSEFirstAppiumAndroidTestR_NAME=Android, warnings={}, databaseEnabled=false, deviceName=emulator-5554, platform=LINUX, deviceUDID=emulator-5554, appActivity=com.xlythe.calculator.material.Calculator, desired={appPackage=com.android2.calculator3, appActivity=com.xlythe.calculator.material.Calculator, BROWSEFirstAppiumAndroidTestR_NAME=Android, VERSION=4.4.2, platformName=Android, deviceName=AVD for Nexus 4 by Google}, platformVersion=4.1.2, webStorageEnabled=false, locationContextEnabled=false, VERSION=4.4.2, takesScreenshot=true, javascriptEnabled=true, deviceModel=Android SDK built for x86, platformName=Android, deviceManufacturer=unknown}]
Session ID: 1243dba9-3e27-4a62-950c-73aa50f12dc6
	at sun.reflect.NativeConstructorAccessorImpl.newInstance0(Native Method)
	at sun.reflect.NativeConstructorAccessorImpl.newInstance(NativeConstructorAccessorImpl.java:62)
	at sun.reflect.DelegatingConstructorAccessorImpl.newInstance(DelegatingConstructorAccessorImpl.java:45)
	at java.lang.reflect.Constructor.newInstance(Constructor.java:423)
	at org.openqa.selenium.remote.ErrorHandler.createThrowable(ErrorHandler.java:204)
	at org.openqa.selenium.remote.ErrorHandler.throwIfResponseFailed(ErrorHandler.java:156)
	at org.openqa.selenium.remote.RemoteWebDriver.execute(RemoteWebDriver.java:599)
	at org.openqa.selenium.remote.RemoteWebDriver.findElement(RemoteWebDriver.java:352)
	at org.openqa.selenium.remote.RemoteWebDriver.findElementByXPath(RemoteWebDriver.java:449)
	at org.openqa.selenium.By$ByXPath.findElement(By.java:357)
	at org.openqa.selenium.remote.RemoteWebDriver.findElement(RemoteWebDriver.java:344)
	at com.qainfotech.com.MobileTesting.FirstAppiumAndroidTest.testCal(FirstAppiumAndroidTest.java:59)
</failure>
    <system-out>Configuring TestNG with: org.apache.maven.surefire.testng.conf.TestNG652Configurator@21588809
20
[[RemoteWebDriver:  on LINUX (1243dba9-3e27-4a62-950c-73aa50f12dc6)] -&gt; class name: android.widget.Button]
[[RemoteWebDriver:  on LINUX (1243dba9-3e27-4a62-950c-73aa50f12dc6)] -&gt; class name: android.widget.Button]
[[RemoteWebDriver:  on LINUX (1243dba9-3e27-4a62-950c-73aa50f12dc6)] -&gt; class name: android.widget.Button]
[[RemoteWebDriver:  on LINUX (1243dba9-3e27-4a62-950c-73aa50f12dc6)] -&gt; class name: android.widget.Button]
[[RemoteWebDriver:  on LINUX (1243dba9-3e27-4a62-950c-73aa50f12dc6)] -&gt; class name: android.widget.Button]
[[RemoteWebDriver:  on LINUX (1243dba9-3e27-4a62-950c-73aa50f12dc6)] -&gt; class name: android.widget.Button]
[[RemoteWebDriver:  on LINUX (1243dba9-3e27-4a62-950c-73aa50f12dc6)] -&gt; class name: android.widget.Button]
[[RemoteWebDriver:  on LINUX (1243dba9-3e27-4a62-950c-73aa50f12dc6)] -&gt; class name: android.widget.Button]
[[RemoteWebDriver:  on LINUX (1243dba9-3e27-4a62-950c-73aa50f12dc6)] -&gt; class name: android.widget.Button]
[[RemoteWebDriver:  on LINUX (1243dba9-3e27-4a62-950c-73aa50f12dc6)] -&gt; class name: android.widget.Button]
[[RemoteWebDriver:  on LINUX (1243dba9-3e27-4a62-950c-73aa50f12dc6)] -&gt; class name: android.widget.Button]
[[RemoteWebDriver:  on LINUX (1243dba9-3e27-4a62-950c-73aa50f12dc6)] -&gt; class name: android.widget.Button]
[[RemoteWebDriver:  on LINUX (1243dba9-3e27-4a62-950c-73aa50f12dc6)] -&gt; class name: android.widget.Button]
[[RemoteWebDriver:  on LINUX (1243dba9-3e27-4a62-950c-73aa50f12dc6)] -&gt; class name: android.widget.Button]
[[RemoteWebDriver:  on LINUX (1243dba9-3e27-4a62-950c-73aa50f12dc6)] -&gt; class name: android.widget.Button]
[[RemoteWebDriver:  on LINUX (1243dba9-3e27-4a62-950c-73aa50f12dc6)] -&gt; class name: android.widget.Button]
[[RemoteWebDriver:  on LINUX (1243dba9-3e27-4a62-950c-73aa50f12dc6)] -&gt; class name: android.widget.Button]
[[RemoteWebDriver:  on LINUX (1243dba9-3e27-4a62-950c-73aa50f12dc6)] -&gt; class name: android.widget.Button]
[[RemoteWebDriver:  on LINUX (1243dba9-3e27-4a62-950c-73aa50f12dc6)] -&gt; class name: android.widget.Button]
[[RemoteWebDriver:  on LINUX (1243dba9-3e27-4a62-950c-73aa50f12dc6)] -&gt; class name: android.widget.Button]
</system-out>
  </testcase>
  <testcase classname="com.qainfotech.com.MobileTesting.AppTest" name="testApp on testApp(com.qainfotech.com.MobileTesting.AppTest)" time="6.278"/>
</testsuite>